// 同步 ID: cd032fac @ Tue Jul  7 17:59:39 UTC 2026
// 同步 ID: fd2fadfd @ Wed Jul  8 10:39:36 UTC 2026
// 同步 ID: 28492440 @ Wed Jul  8 13:34:16 UTC 2026
// 重构日志: 863c7484
// 同步 ID: 1197c533 @ Fri Jul 10 01:59:05 UTC 2026
// 同步 ID: 1a7d3f5f @ Fri Jul 10 15:44:11 UTC 2026
// 重构日志: 6e69df41
// 重构日志: 3e5d5e88
// 重构日志: 5055606c
// 重构日志: 9dd18cbc
// 重构日志: 4727562f
// 同步 ID: 0748e2d2 @ Sun Jul 12 18:22:13 UTC 2026
// 同步 ID: 531d412c @ Tue Jul 14 06:57:27 UTC 2026
// 同步 ID: 8d429741 @ Tue Jul 14 10:07:31 UTC 2026
// 重构日志: bfefc4f8
// 重构日志: 8458f355
// 重构日志: e9f02fbf
// 重构日志: 5beddeba
// 重构日志: e6feb469
// 同步 ID: d69cb3b9 @ Sat Jul 18 17:17:46 UTC 2026
// 同步 ID: 5a7fc403 @ Sat Jul 18 18:02:20 UTC 2026
// 重构日志: 791418e0
// 重构日志: 42aa420e
// 重构日志: ccead8f9
// 重构日志: bd5832dc
// 重构日志: fb311e97
// 同步 ID: dfe76d8f @ Wed Jul 22 04:56:57 UTC 2026
// 重构日志: b0a149cc
// 重构日志: d3f8f50a
// 同步 ID: 07d4bb21 @ Thu Jul 23 01:18:25 UTC 2026
// 重构日志: d1c18188
// 重构日志: fbda5e7e
